<?xml version="1.0" encoding="UTF-8"?>
<!-- Generated by org.testng.reporters.JUnitReportReporter -->
<testsuite skipped="0" hostname="Akins-MacBook-Pro.local" name="test.CarvanaTest" tests="6" failures="0" timestamp="2021-08-25T10:28:22 CDT" time="52.020" errors="0">
  <testcase name="validateTitleAndUrl" time="6.600" classname="test.CarvanaTest"/>
  <system-out/>
  <testcase name="validateCarvanaLogo" time="7.637" classname="test.CarvanaTest"/>
  <system-out/>
  <testcase name="validateNavigationHeaderSections" time="5.316" classname="test.CarvanaTest"/>
  <system-out/>
  <testcase name="validateInvalidCredentialsErrorMessage" time="5.547" classname="test.CarvanaTest"/>
  <system-out/>
  <testcase name="validateSearchHeader" time="11.191" classname="test.CarvanaTest"/>
  <system-out/>
  <testcase name="validateResultTiles" time="15.729" classname="test.CarvanaTest"/>
  <system-out/>
</testsuite> <!-- test.CarvanaTest -->
